<?xml version="1.0" encoding="UTF-8"?>
<testsuite xmlns:xsi="http://www.w3.org/2001/XMLSchema-instance" xsi:schemaLocation="https://maven.apache.org/surefire/maven-surefire-plugin/xsd/surefire-test-report.xsd" name="br.com.helpconnect.api.MyResourceTest" time="0.997" tests="1" errors="1" skipped="0" failures="0">
  <properties>
[...]
</properties>
  <testcase name="testGetIt" classname="br.com.helpconnect.api.MyResourceTest" time="0.958">
    <error message="HTTP 404 Not Found" type="jakarta.ws.rs.NotFoundException">jakarta.ws.rs.NotFoundException: HTTP 404 Not Found
	at br.com.helpconnect.api.MyResourceTest.testGetIt(MyResourceTest.java:45)
</error>
    <system-err><![CDATA[jun. 20, 2022 12:52:26 PM org.glassfish.jersey.message.internal.MessagingBinders$EnabledProvidersBinder bindToBinder
ADVERTÊNCIA: A class jakarta.activation.DataSource for a default provider MessageBodyWriter<jakarta.activation.DataSource> was not found. The provider is not available.
jun. 20, 2022 12:52:26 PM org.glassfish.jersey.server.wadl.WadlFeature configure
ADVERTÊNCIA: JAX-B API not found . WADL feature is disabled.
jun. 20, 2022 12:52:27 PM org.glassfish.grizzly.http.server.NetworkListener start
INFORMAÇÕES: Started listener bound to [localhost:8080]
jun. 20, 2022 12:52:27 PM org.glassfish.grizzly.http.server.HttpServer start
INFORMAÇÕES: [HttpServer] Started.
jun. 20, 2022 12:52:27 PM org.glassfish.jersey.message.internal.MessagingBinders$EnabledProvidersBinder bindToBinder
ADVERTÊNCIA: A class jakarta.activation.DataSource for a default provider MessageBodyWriter<jakarta.activation.DataSource> was not found. The provider is not available.
jun. 20, 2022 12:52:27 PM org.glassfish.grizzly.http.server.NetworkListener shutdownNow
INFORMAÇÕES: Stopped listener bound to [localhost:8080]
]]></system-err>
  </testcase>
</testsuite>